<?xml version="1.0" encoding="UTF-8"?>
<!-- Generated by org.testng.reporters.JUnitXMLReporter -->
<testsuite ignored="2" hostname="Dell-pc" failures="0" tests="1" name="Default test" time="25.704" errors="0" timestamp="2022-08-15T12:20:23 IST">
  <testcase classname="com.vtechsolution.orangehrmTestcases.Login_Tc01" name="LoginTc_o1" time="6.774"/>
  <testcase classname="com.vtechsolution.orangehrmTestcases.Login_Tc01" name="verifyLoginPageTitleTc" time="0.0">
    <ignored/>
  </testcase> <!-- verifyLoginPageTitleTc -->
  <testcase classname="com.vtechsolution.orangehrmTestcases.Login_Tc01" name="VerifyOrangeHrmLogoTc" time="0.0">
    <ignored/>
  </testcase> <!-- VerifyOrangeHrmLogoTc -->
</testsuite> <!-- Default test -->
