<?xml version="1.0" encoding="UTF-8"?>
<!-- Generated by org.testng.reporters.JUnitXMLReporter -->
<testsuite ignored="0" hostname="Dell-pc" failures="0" tests="3" name="Orange HRM Test" time="24.041" errors="0" timestamp="2022-08-15T12:23:29 IST">
  <testcase classname="com.vtechsolution.orangehrmTestcases.Login_Tc01" name="verifyLoginPageTitleTc" time="0.034"/>
  <testcase classname="com.vtechsolution.orangehrmTestcases.Login_Tc01" name="VerifyOrangeHrmLogoTc" time="0.158"/>
  <testcase classname="com.vtechsolution.orangehrmTestcases.Login_Tc01" name="LoginTc_o1" time="6.968"/>
</testsuite> <!-- Orange HRM Test -->
