<?xml version="1.0" encoding="UTF-8"?>
<testng-results ignored="0" total="3" passed="3" failed="0" skipped="0">
  <reporter-output>
  </reporter-output>
  <suite started-at="2022-08-15T12:23:05 IST" name="OrangeHrm Suite" finished-at="2022-08-15T12:23:29 IST" duration-ms="24041">
    <groups>
    </groups>
    <test started-at="2022-08-15T12:23:05 IST" name="Orange HRM Test" finished-at="2022-08-15T12:23:29 IST" duration-ms="24041">
      <class name="com.vtechsolution.orangehrmTestcases.Login_Tc01">
        <test-method is-config="true" signature="init()[pri:0, instance:com.vtechsolution.orangehrmTestcases.Login_Tc01@7b2bbc3]" started-at="2022-08-15T12:23:05 IST" name="init" finished-at="2022-08-15T12:23:05 IST" duration-ms="30" status="PASS">
          <reporter-output>
          </reporter-output>
        </test-method> <!-- init -->
        <test-method is-config="true" signature="setUp(java.lang.String)[pri:0, instance:com.vtechsolution.orangehrmTestcases.Login_Tc01@7b2bbc3]" started-at="2022-08-15T12:23:05 IST" name="setUp" finished-at="2022-08-15T12:23:15 IST" duration-ms="10207" status="PASS">
          <params>
            <param index="0">
              <value>
                <![CDATA[Chrome]]>
              </value>
            </param>
          </params>
          <reporter-output>
          </reporter-output>
        </test-method> <!-- setUp -->
        <test-method signature="verifyLoginPageTitleTc()[pri:1, instance:com.vtechsolution.orangehrmTestcases.Login_Tc01@7b2bbc3]" started-at="2022-08-15T12:23:15 IST" name="verifyLoginPageTitleTc" finished-at="2022-08-15T12:23:15 IST" duration-ms="34" status="PASS">
          <reporter-output>
          </reporter-output>
        </test-method> <!-- verifyLoginPageTitleTc -->
        <test-method signature="VerifyOrangeHrmLogoTc()[pri:2, instance:com.vtechsolution.orangehrmTestcases.Login_Tc01@7b2bbc3]" started-at="2022-08-15T12:23:15 IST" name="VerifyOrangeHrmLogoTc" finished-at="2022-08-15T12:23:15 IST" duration-ms="158" status="PASS">
          <reporter-output>
          </reporter-output>
        </test-method> <!-- VerifyOrangeHrmLogoTc -->
        <test-method signature="LoginTc_o1()[pri:3, instance:com.vtechsolution.orangehrmTestcases.Login_Tc01@7b2bbc3]" started-at="2022-08-15T12:23:15 IST" name="LoginTc_o1" finished-at="2022-08-15T12:23:22 IST" duration-ms="6968" status="PASS">
          <reporter-output>
          </reporter-output>
        </test-method> <!-- LoginTc_o1 -->
        <test-method is-config="true" signature="teardown()[pri:0, instance:com.vtechsolution.orangehrmTestcases.Login_Tc01@7b2bbc3]" started-at="2022-08-15T12:23:22 IST" name="teardown" finished-at="2022-08-15T12:23:29 IST" duration-ms="6561" status="PASS">
          <reporter-output>
          </reporter-output>
        </test-method> <!-- teardown -->
      </class> <!-- com.vtechsolution.orangehrmTestcases.Login_Tc01 -->
    </test> <!-- Orange HRM Test -->
  </suite> <!-- OrangeHrm Suite -->
</testng-results>
