<?xml version="1.0" encoding="UTF-8"?>
<!-- Generated by org.testng.reporters.JUnitXMLReporter -->
<testsuite ignored="0" hostname="Dell-pc" failures="0" tests="3" name="Default test" time="61.642" errors="0" timestamp="2022-09-03T10:17:17 IST">
  <testcase classname="com.vtechsolution.orangehrmTestcases.LoginTc_03" name="verifylogin" time="5.388"/>
  <testcase classname="com.vtechsolution.orangehrmTestcases.LoginTc_03" name="verifylogin" time="2.905"/>
  <testcase classname="com.vtechsolution.orangehrmTestcases.LoginTc_03" name="verifylogin" time="2.818"/>
</testsuite> <!-- Default test -->
