<?xml version="1.0" encoding="UTF-8"?>
<!-- Generated by org.testng.reporters.JUnitXMLReporter -->
<testsuite ignored="1" hostname="Dell-pc" failures="0" tests="2" name="Default test" time="102.096" errors="0" timestamp="2022-09-11T12:10:03 IST">
  <testcase classname="com.vtechsolution.orangehrmTestcases.Login_Tc01" name="verifyLoginPageTitleTc" time="0.088"/>
  <testcase classname="com.vtechsolution.orangehrmTestcases.Login_Tc01" name="LoginTc_o1" time="11.792"/>
  <testcase classname="com.vtechsolution.orangehrmTestcases.Login_Tc01" name="verifyOrangeHrmlogo" time="0.0">
    <ignored/>
  </testcase> <!-- verifyOrangeHrmlogo -->
</testsuite> <!-- Default test -->
