<?xml version="1.0" encoding="UTF-8"?>
<testng-results ignored="1" total="3" passed="2" failed="0" skipped="0">
  <reporter-output>
  </reporter-output>
  <suite started-at="2022-09-11T12:08:21 IST" name="Default suite" finished-at="2022-09-11T12:10:03 IST" duration-ms="102096">
    <groups>
    </groups>
    <test started-at="2022-09-11T12:08:21 IST" name="Default test" finished-at="2022-09-11T12:10:03 IST" duration-ms="102096">
      <class name="com.vtechsolution.orangehrmTestcases.Login_Tc01">
        <test-method is-config="true" signature="init()[pri:0, instance:com.vtechsolution.orangehrmTestcases.Login_Tc01@411f53a0]" started-at="2022-09-11T12:08:18 IST" name="init" finished-at="2022-09-11T12:08:21 IST" duration-ms="2877" status="PASS">
          <reporter-output>
          </reporter-output>
        </test-method> <!-- init -->
        <test-method is-config="true" signature="setUp(java.lang.String)[pri:0, instance:com.vtechsolution.orangehrmTestcases.Login_Tc01@411f53a0]" started-at="2022-09-11T12:08:21 IST" name="setUp" finished-at="2022-09-11T12:09:27 IST" duration-ms="65740" status="PASS">
          <params>
            <param index="0">
              <value>
                <![CDATA[Chrome]]>
              </value>
            </param>
          </params>
          <reporter-output>
          </reporter-output>
        </test-method> <!-- setUp -->
        <test-method signature="verifyLoginPageTitleTc()[pri:1, instance:com.vtechsolution.orangehrmTestcases.Login_Tc01@411f53a0]" started-at="2022-09-11T12:09:27 IST" name="verifyLoginPageTitleTc" finished-at="2022-09-11T12:09:27 IST" duration-ms="88" status="PASS">
          <reporter-output>
          </reporter-output>
        </test-method> <!-- verifyLoginPageTitleTc -->
        <test-method is-config="true" signature="teardown()[pri:0, instance:com.vtechsolution.orangehrmTestcases.Login_Tc01@411f53a0]" started-at="2022-09-11T12:09:27 IST" name="teardown" finished-at="2022-09-11T12:09:33 IST" duration-ms="5871" status="PASS">
          <reporter-output>
          </reporter-output>
        </test-method> <!-- teardown -->
        <test-method is-config="true" signature="setUp(java.lang.String)[pri:0, instance:com.vtechsolution.orangehrmTestcases.Login_Tc01@411f53a0]" started-at="2022-09-11T12:09:33 IST" name="setUp" finished-at="2022-09-11T12:09:44 IST" duration-ms="11285" status="PASS">
          <params>
            <param index="0">
              <value>
                <![CDATA[Chrome]]>
              </value>
            </param>
          </params>
          <reporter-output>
          </reporter-output>
        </test-method> <!-- setUp -->
        <test-method signature="LoginTc_o1()[pri:4, instance:com.vtechsolution.orangehrmTestcases.Login_Tc01@411f53a0]" started-at="2022-09-11T12:09:44 IST" name="LoginTc_o1" finished-at="2022-09-11T12:09:56 IST" duration-ms="11792" status="PASS">
          <reporter-output>
          </reporter-output>
        </test-method> <!-- LoginTc_o1 -->
        <test-method is-config="true" signature="teardown()[pri:0, instance:com.vtechsolution.orangehrmTestcases.Login_Tc01@411f53a0]" started-at="2022-09-11T12:09:56 IST" name="teardown" finished-at="2022-09-11T12:10:02 IST" duration-ms="6258" status="PASS">
          <reporter-output>
          </reporter-output>
        </test-method> <!-- teardown -->
        <test-method is-config="true" signature="extentFlush()[pri:0, instance:com.vtechsolution.orangehrmTestcases.Login_Tc01@411f53a0]" started-at="2022-09-11T12:10:02 IST" name="extentFlush" finished-at="2022-09-11T12:10:03 IST" duration-ms="938" status="PASS">
          <reporter-output>
          </reporter-output>
        </test-method> <!-- extentFlush -->
      </class> <!-- com.vtechsolution.orangehrmTestcases.Login_Tc01 -->
    </test> <!-- Default test -->
  </suite> <!-- Default suite -->
</testng-results>
